#
# A fatal error has been detected by the Java Runtime Environment:
#
#  EXCEPTION_ACCESS_VIOLATION (0xc0000005) at pc=0x00007ff99e1d3416, pid=9176, tid=3760
#
# JRE version: Java(TM) SE Runtime Environment (17.0.2+8) (build 17.0.2+8-LTS-86)
# Java VM: Java HotSpot(TM) 64-Bit Server VM (17.0.2+8-LTS-86, mixed mode, sharing, tiered, compressed oops, compressed class ptrs, g1 gc, windows-amd64)
# Problematic frame:
# C  [ntdll.dll+0x63416]
#
# No core dump will be written. Minidumps are not enabled by default on client versions of Windows
#
# If you would like to submit a bug report, please visit:
#   https://bugreport.java.com/bugreport/crash.jsp
# The crash happened outside the Java Virtual Machine in native code.
# See problematic frame for where to report the bug.
#

---------------  S U M M A R Y ------------

Command Line: -Dfile.encoding=Cp1252 -XX:+ShowCodeDetailsInExceptionMessages com.juliasgomes.main.Game

Host: AMD Ryzen 5 3400G with Radeon Vega Graphics    , 8 cores, 13G,  Windows 10 , 64 bit Build 19041 (10.0.19041.1503)
Time: Sun Feb 20 01:46:02 2022 Hora oficial do Brasil elapsed time: 3.980753 seconds (0d 0h 0m 3s)

---------------  T H R E A D  ---------------

Current thread (0x000001fb99d3dd30):  JavaThread "Thread-0" [_thread_in_native, id=3760, stack(0x000000dfe8600000,0x000000dfe8700000)]

Stack: [0x000000dfe8600000,0x000000dfe8700000],  sp=0x000000dfe86feb50,  free space=1018k
Native frames: (J=compiled Java code, j=interpreted, Vv=VM code, C=native code)
C  [ntdll.dll+0x63416]
C  [ntdll.dll+0x2fcb4]
C  [ntdll.dll+0x2fae2]
C  0x00007ff963c8e15c

Java frames: (J=compiled Java code, j=interpreted, Vv=VM code)
j  sun.java2d.d3d.D3DSurfaceData.initOps(III)V+0 java.desktop@17.0.2
j  sun.java2d.d3d.D3DSurfaceData.<init>(Lsun/awt/windows/WComponentPeer;Lsun/java2d/d3d/D3DGraphicsConfig;IILjava/awt/Image;Ljava/awt/image/ColorModel;IILsun/java2d/pipe/hw/ExtendedBufferCapabilities$VSyncType;I)V+212 java.desktop@17.0.2
j  sun.java2d.d3d.D3DSurfaceData.createData(Lsun/awt/windows/WComponentPeer;Ljava/awt/Image;)Lsun/java2d/d3d/D3DSurfaceData;+117 java.desktop@17.0.2
j  sun.java2d.d3d.D3DVolatileSurfaceManager.initAcceleratedSurface()Lsun/java2d/SurfaceData;+68 java.desktop@17.0.2
j  sun.java2d.d3d.D3DVolatileSurfaceManager.restoreAcceleratedSurface()V+49 java.desktop@17.0.2
j  sun.awt.image.VolatileSurfaceManager.validate(Ljava/awt/GraphicsConfiguration;)I+94 java.desktop@17.0.2
j  sun.awt.image.SunVolatileImage.validate(Ljava/awt/GraphicsConfiguration;)I+5 java.desktop@17.0.2
j  java.awt.Component$FlipBufferStrategy.revalidate()V+85 java.desktop@17.0.2
j  java.awt.Component$FlipBufferStrategy.getDrawGraphics()Ljava/awt/Graphics;+1 java.desktop@17.0.2
j  com.juliasgomes.main.Game.render()V+96
J 766% c2 com.juliasgomes.main.Game.run()V (135 bytes) @ 0x000001fb87b07b44 [0x000001fb87b07a80+0x00000000000000c4]
j  java.lang.Thread.run()V+11 java.base@17.0.2
v  ~StubRoutines::call_stub

siginfo: EXCEPTION_ACCESS_VIOLATION (0xc0000005), writing address 0x0000000000000024


Register to memory mapping:

RIP=0x00007ff99e1d3416 ntdll.dll
RAX=0x0 is NULL
RBX=0x000001fb997236c8 points into unknown readable memory: 0x0000000000000000 | 00 00 00 00 00 00 00 00
RCX=0x000001fb997236c8 points into unknown readable memory: 0x0000000000000000 | 00 00 00 00 00 00 00 00
RDX=0x00000000fffffffa is an unknown value
RSP=0x000000dfe86feb50 is pointing into the stack for thread: 0x000001fb99d3dd30
RBP=0x0000000000010000 is an unknown value
RSI=0x0 is NULL
RDI=0x0 is NULL
R8 =0x0 is NULL
R9 =0x000001fb99723600 points into unknown readable memory: 0x0000000000000000 | 00 00 00 00 00 00 00 00
R10=0x00005462970536cb is an unknown value
R11=0x0000546297053534 is an unknown value
R12=0x0 is NULL
R13=0x000000dfe61dc000 points into unknown readable memory: 0x0000000000000000 | 00 00 00 00 00 00 00 00
R14=0x0000000000000001 is an unknown value
R15=0x0 is NULL


Registers:
RAX=0x0000000000000000, RBX=0x000001fb997236c8, RCX=0x000001fb997236c8, RDX=0x00000000fffffffa
RSP=0x000000dfe86feb50, RBP=0x0000000000010000, RSI=0x0000000000000000, RDI=0x0000000000000000
R8 =0x0000000000000000, R9 =0x000001fb99723600, R10=0x00005462970536cb, R11=0x0000546297053534
R12=0x0000000000000000, R13=0x000000dfe61dc000, R14=0x0000000000000001, R15=0x0000000000000000
RIP=0x00007ff99e1d3416, EFLAGS=0x0000000000010213

Top of Stack: (sp=0x000000dfe86feb50)
0x000000dfe86feb50:   ffffffffffffffff 000001fb997236c8
0x000000dfe86feb60:   000000df00000000 00007ff95f91fb70
0x000000dfe86feb70:   0000c79466010000 000001fb99d144a0
0x000000dfe86feb80:   000001fbf4d702b8 00007ff95fc51407
0x000000dfe86feb90:   000001fb98e00800 00000000fffffffa
0x000000dfe86feba0:   000000dfe61dc000 000000dfe86feb58
0x000000dfe86febb0:   000000dfe86feb99 0000000800000005
0x000000dfe86febc0:   000001fb98e00800 0000000000000000
0x000000dfe86febd0:   0000c794662a84f4 000000df0000000e
0x000000dfe86febe0:   000094d233d54153 0000000000000000
0x000000dfe86febf0:   000001fb99d3dd00 0000000000000001
0x000000dfe86fec00:   0000000000000001 0000000000000001
0x000000dfe86fec10:   0000000000000000 000001fb997236c8
0x000000dfe86fec20:   0000000000010000 00007ff99e19fcb4
0x000000dfe86fec30:   000001fb994ac750 00007ff960082553
0x000000dfe86fec40:   00000000fffffffa 0000000000000000 

Instructions: (pc=0x00007ff99e1d3416)
0x00007ff99e1d3316:   20 e9 ed fe ff ff 48 89 41 18 e9 e4 fe ff ff cc
0x00007ff99e1d3326:   cc cc cc cc cc cc cc cc cc cc 80 3d d1 71 10 00
0x00007ff99e1d3336:   00 0f 95 c0 c3 cc cc cc cc cc cc cc cc cc cc cc
0x00007ff99e1d3346:   cc cc cc cc cc cc cc cc cc cc 48 83 ec 38 8b 05
0x00007ff99e1d3356:   d2 57 10 00 89 44 24 20 e8 41 02 00 00 48 83 c4
0x00007ff99e1d3366:   38 c3 cc cc cc cc cc cc cc cc 48 89 5c 24 18 55
0x00007ff99e1d3376:   56 57 41 54 41 55 41 56 41 57 48 81 ec a0 00 00
0x00007ff99e1d3386:   00 48 8b 05 82 f1 11 00 48 33 c4 48 89 84 24 90
0x00007ff99e1d3396:   00 00 00 65 4c 8b 2c 25 30 00 00 00 48 8d 05 4f
0x00007ff99e1d33a6:   11 10 00 40 32 ed 89 54 24 48 33 f6 40 88 6c 24
0x00007ff99e1d33b6:   40 4c 89 6c 24 50 48 8b d9 44 8b e6 48 3b c8 0f
0x00007ff99e1d33c6:   84 39 01 00 00 40 38 35 36 71 10 00 0f 85 a8 01
0x00007ff99e1d33d6:   00 00 39 35 4a 71 10 00 0f 85 6a 01 00 00 40 38
0x00007ff99e1d33e6:   35 0d 6c 10 00 48 8d 3d 0e 6c 10 00 48 0f 45 fe
0x00007ff99e1d33f6:   48 39 73 18 0f 84 d2 00 00 00 48 8b 03 48 83 f8
0x00007ff99e1d3406:   ff 0f 84 d2 00 00 00 44 8b fe 48 83 f8 ff 74 03
0x00007ff99e1d3416:   ff 40 24 4c 8b 73 18 4c 8d 2d d4 10 10 00 bd 22
0x00007ff99e1d3426:   17 00 00 e8 22 14 fc ff 85 c0 0f 85 be b2 05 00
0x00007ff99e1d3436:   b9 82 03 fe 7f 80 39 00 0f 85 cc b2 05 00 49 83
0x00007ff99e1d3446:   fe ff 0f 85 5a b3 05 00 4c 8b cf c7 44 24 20 00
0x00007ff99e1d3456:   00 00 00 41 b8 04 00 00 00 48 8d 54 24 48 48 8d
0x00007ff99e1d3466:   4b 08 e8 37 01 00 00 3d 02 01 00 00 0f 84 43 b3
0x00007ff99e1d3476:   05 00 8b 4b 08 89 4c 24 48 f6 c1 02 75 ca 3d 02
0x00007ff99e1d3486:   01 00 00 0f 84 2c b3 05 00 0f b6 6c 24 40 4c 8b
0x00007ff99e1d3496:   6c 24 50 85 c0 0f 88 78 b4 05 00 40 84 ed 75 73
0x00007ff99e1d34a6:   48 8b 8c 24 90 00 00 00 48 33 cc e8 7a 8d 02 00
0x00007ff99e1d34b6:   48 8b 9c 24 f0 00 00 00 48 81 c4 a0 00 00 00 41
0x00007ff99e1d34c6:   5f 41 5e 41 5d 41 5c 5f 5e 5d c3 cc 48 8b cb e8
0x00007ff99e1d34d6:   56 05 00 00 e9 21 ff ff ff 8b 4b 20 48 c7 c0 ff
0x00007ff99e1d34e6:   ff ff ff 48 0f ba e1 18 0f 82 19 ff ff ff 48 8b
0x00007ff99e1d34f6:   cb e8 44 e3 fa ff 48 8b 03 e9 09 ff ff ff c6 44
0x00007ff99e1d3506:   24 40 01 41 c7 85 60 17 00 00 01 00 00 00 e9 b2 


Stack slot to memory mapping:
stack at sp + 0 slots: 0xffffffffffffffff is an unknown value
stack at sp + 1 slots: 0x000001fb997236c8 points into unknown readable memory: 0x0000000000000000 | 00 00 00 00 00 00 00 00
stack at sp + 2 slots: 0x000000df00000000 is an unknown value
stack at sp + 3 slots: 0x00007ff95f91fb70 awt.dll
stack at sp + 4 slots: 0x0000c79466010000 is an unknown value
stack at sp + 5 slots: 0x000001fb99d144a0 points into unknown readable memory: 0x00007ff95f8d3710 | 10 37 8d 5f f9 7f 00 00
stack at sp + 6 slots: 0x000001fbf4d702b8 points into unknown readable memory: 0x0006000700050006 | 06 00 05 00 07 00 06 00
stack at sp + 7 slots: 0x00007ff95fc51407 jvm.dll


---------------  P R O C E S S  ---------------

Threads class SMR info:
_java_thread_list=0x000001fb99cd0030, length=17, elements={
0x000001fb98864ea0, 0x000001fb98869660, 0x000001fb988809a0, 0x000001fb98884a20,
0x000001fb988852e0, 0x000001fb98886ae0, 0x000001fb9888c380, 0x000001fb9888d4d0,
0x000001fb988a2d80, 0x000001fb994cf140, 0x000001fb994d8000, 0x000001fb996ef450,
0x000001fb996ef920, 0x000001fb99c67630, 0x000001fb99d3dd30, 0x000001fbf4e09b70,
0x000001fb99d39210
}

Java Threads: ( => current thread )
  0x000001fb98864ea0 JavaThread "Reference Handler" daemon [_thread_blocked, id=2220, stack(0x000000dfe6d00000,0x000000dfe6e00000)]
  0x000001fb98869660 JavaThread "Finalizer" daemon [_thread_blocked, id=2132, stack(0x000000dfe6e00000,0x000000dfe6f00000)]
  0x000001fb988809a0 JavaThread "Signal Dispatcher" daemon [_thread_blocked, id=6096, stack(0x000000dfe6f00000,0x000000dfe7000000)]
  0x000001fb98884a20 JavaThread "Attach Listener" daemon [_thread_blocked, id=4064, stack(0x000000dfe7000000,0x000000dfe7100000)]
  0x000001fb988852e0 JavaThread "Service Thread" daemon [_thread_blocked, id=8280, stack(0x000000dfe7100000,0x000000dfe7200000)]
  0x000001fb98886ae0 JavaThread "Monitor Deflation Thread" daemon [_thread_blocked, id=11336, stack(0x000000dfe7200000,0x000000dfe7300000)]
  0x000001fb9888c380 JavaThread "C2 CompilerThread0" daemon [_thread_blocked, id=6276, stack(0x000000dfe7300000,0x000000dfe7400000)]
  0x000001fb9888d4d0 JavaThread "C1 CompilerThread0" daemon [_thread_blocked, id=10880, stack(0x000000dfe7400000,0x000000dfe7500000)]
  0x000001fb988a2d80 JavaThread "Sweeper thread" daemon [_thread_blocked, id=11580, stack(0x000000dfe7500000,0x000000dfe7600000)]
  0x000001fb994cf140 JavaThread "Notification Thread" daemon [_thread_blocked, id=2952, stack(0x000000dfe7600000,0x000000dfe7700000)]
  0x000001fb994d8000 JavaThread "Common-Cleaner" daemon [_thread_blocked, id=6636, stack(0x000000dfe7800000,0x000000dfe7900000)]
  0x000001fb996ef450 JavaThread "Java2D Disposer" daemon [_thread_blocked, id=1368, stack(0x000000dfe7900000,0x000000dfe7a00000)]
  0x000001fb996ef920 JavaThread "AWT-Shutdown" [_thread_blocked, id=7568, stack(0x000000dfe7a00000,0x000000dfe7b00000)]
  0x000001fb99c67630 JavaThread "AWT-EventQueue-0" [_thread_blocked, id=10692, stack(0x000000dfe8400000,0x000000dfe8500000)]
=>0x000001fb99d3dd30 JavaThread "Thread-0" [_thread_in_native, id=3760, stack(0x000000dfe8600000,0x000000dfe8700000)]
  0x000001fbf4e09b70 JavaThread "DestroyJavaVM" [_thread_blocked, id=10476, stack(0x000000dfe6600000,0x000000dfe6700000)]
  0x000001fb99d39210 JavaThread "ToolkitShutdown" daemon [_thread_in_native, id=7852, stack(0x000000dfe8700000,0x000000dfe8800000)]

Other Threads:
  0x000001fb9885d320 VMThread "VM Thread" [stack: 0x000000dfe6c00000,0x000000dfe6d00000] [id=11428]
  0x000001fbf4e6d270 WatcherThread [stack: 0x000000dfe7700000,0x000000dfe7800000] [id=11232]
  0x000001fbf4e56160 GCTaskThread "GC Thread#0" [stack: 0x000000dfe6700000,0x000000dfe6800000] [id=3080]
  0x000001fbf4e65620 ConcurrentGCThread "G1 Main Marker" [stack: 0x000000dfe6800000,0x000000dfe6900000] [id=2384]
  0x000001fbf4e65f40 ConcurrentGCThread "G1 Conc#0" [stack: 0x000000dfe6900000,0x000000dfe6a00000] [id=10404]
  0x000001fb987310c0 ConcurrentGCThread "G1 Refine#0" [stack: 0x000000dfe6a00000,0x000000dfe6b00000] [id=8128]
  0x000001fb987319f0 ConcurrentGCThread "G1 Service" [stack: 0x000000dfe6b00000,0x000000dfe6c00000] [id=3068]

Threads with active compile tasks:

VM state: not at safepoint (normal execution)

VM Mutex/Monitor currently owned by a thread: None

Heap address: 0x0000000721200000, size: 3566 MB, Compressed Oops mode: Zero based, Oop shift amount: 3

CDS archive(s) mapped at: [0x0000000800000000-0x0000000800bc0000-0x0000000800bc0000), size 12320768, SharedBaseAddress: 0x0000000800000000, ArchiveRelocationMode: 0.
Compressed class space mapped at: 0x0000000800c00000-0x0000000840c00000, reserved size: 1073741824
Narrow klass base: 0x0000000800000000, Narrow klass shift: 0, Narrow klass range: 0x100000000

GC Precious Log:
 CPUs: 8 total, 8 available
 Memory: 14260M
 Large Page Support: Disabled
 NUMA Support: Disabled
 Compressed Oops: Enabled (Zero based)
 Heap Region Size: 2M
 Heap Min Capacity: 8M
 Heap Initial Capacity: 224M
 Heap Max Capacity: 3566M
 Pre-touch: Disabled
 Parallel Workers: 8
 Concurrent Workers: 2
 Concurrent Refinement Workers: 8
 Periodic GC: Disabled

Heap:
 garbage-first heap   total 229376K, used 8192K [0x0000000721200000, 0x0000000800000000)
  region size 2048K, 5 young (10240K), 0 survivors (0K)
 Metaspace       used 7447K, committed 7680K, reserved 1056768K
  class space    used 793K, committed 896K, reserved 1048576K

Heap Regions: E=young(eden), S=young(survivor), O=old, HS=humongous(starts), HC=humongous(continues), CS=collection set, F=free, OA=open archive, CA=closed archive, TAMS=top-at-mark-start (previous, next)
|   0|0x0000000721200000, 0x0000000721200000, 0x0000000721400000|  0%| F|  |TAMS 0x0000000721200000, 0x0000000721200000| Untracked 
|   1|0x0000000721400000, 0x0000000721400000, 0x0000000721600000|  0%| F|  |TAMS 0x0000000721400000, 0x0000000721400000| Untracked 
|   2|0x0000000721600000, 0x0000000721600000, 0x0000000721800000|  0%| F|  |TAMS 0x0000000721600000, 0x0000000721600000| Untracked 
|   3|0x0000000721800000, 0x0000000721800000, 0x0000000721a00000|  0%| F|  |TAMS 0x0000000721800000, 0x0000000721800000| Untracked 
|   4|0x0000000721a00000, 0x0000000721a00000, 0x0000000721c00000|  0%| F|  |TAMS 0x0000000721a00000, 0x0000000721a00000| Untracked 
|   5|0x0000000721c00000, 0x0000000721c00000, 0x0000000721e00000|  0%| F|  |TAMS 0x0000000721c00000, 0x0000000721c00000| Untracked 
|   6|0x0000000721e00000, 0x0000000721e00000, 0x0000000722000000|  0%| F|  |TAMS 0x0000000721e00000, 0x0000000721e00000| Untracked 
|   7|0x0000000722000000, 0x0000000722000000, 0x0000000722200000|  0%| F|  |TAMS 0x0000000722000000, 0x0000000722000000| Untracked 
|   8|0x0000000722200000, 0x0000000722200000, 0x0000000722400000|  0%| F|  |TAMS 0x0000000722200000, 0x0000000722200000| Untracked 
|   9|0x0000000722400000, 0x0000000722400000, 0x0000000722600000|  0%| F|  |TAMS 0x0000000722400000, 0x0000000722400000| Untracked 
|  10|0x0000000722600000, 0x0000000722600000, 0x0000000722800000|  0%| F|  |TAMS 0x0000000722600000, 0x0000000722600000| Untracked 
|  11|0x0000000722800000, 0x0000000722800000, 0x0000000722a00000|  0%| F|  |TAMS 0x0000000722800000, 0x0000000722800000| Untracked 
|  12|0x0000000722a00000, 0x0000000722a00000, 0x0000000722c00000|  0%| F|  |TAMS 0x0000000722a00000, 0x0000000722a00000| Untracked 
|  13|0x0000000722c00000, 0x0000000722c00000, 0x0000000722e00000|  0%| F|  |TAMS 0x0000000722c00000, 0x0000000722c00000| Untracked 
|  14|0x0000000722e00000, 0x0000000722e00000, 0x0000000723000000|  0%| F|  |TAMS 0x0000000722e00000, 0x0000000722e00000| Untracked 
|  15|0x0000000723000000, 0x0000000723000000, 0x0000000723200000|  0%| F|  |TAMS 0x0000000723000000, 0x0000000723000000| Untracked 
|  16|0x0000000723200000, 0x0000000723200000, 0x0000000723400000|  0%| F|  |TAMS 0x0000000723200000, 0x0000000723200000| Untracked 
|  17|0x0000000723400000, 0x0000000723400000, 0x0000000723600000|  0%| F|  |TAMS 0x0000000723400000, 0x0000000723400000| Untracked 
|  18|0x0000000723600000, 0x0000000723600000, 0x0000000723800000|  0%| F|  |TAMS 0x0000000723600000, 0x0000000723600000| Untracked 
|  19|0x0000000723800000, 0x0000000723800000, 0x0000000723a00000|  0%| F|  |TAMS 0x0000000723800000, 0x0000000723800000| Untracked 
|  20|0x0000000723a00000, 0x0000000723a00000, 0x0000000723c00000|  0%| F|  |TAMS 0x0000000723a00000, 0x0000000723a00000| Untracked 
|  21|0x0000000723c00000, 0x0000000723c00000, 0x0000000723e00000|  0%| F|  |TAMS 0x0000000723c00000, 0x0000000723c00000| Untracked 
|  22|0x0000000723e00000, 0x0000000723e00000, 0x0000000724000000|  0%| F|  |TAMS 0x0000000723e00000, 0x0000000723e00000| Untracked 
|  23|0x0000000724000000, 0x0000000724000000, 0x0000000724200000|  0%| F|  |TAMS 0x0000000724000000, 0x0000000724000000| Untracked 
|  24|0x0000000724200000, 0x0000000724200000, 0x0000000724400000|  0%| F|  |TAMS 0x0000000724200000, 0x0000000724200000| Untracked 
|  25|0x0000000724400000, 0x0000000724400000, 0x0000000724600000|  0%| F|  |TAMS 0x0000000724400000, 0x0000000724400000| Untracked 
|  26|0x0000000724600000, 0x0000000724600000, 0x0000000724800000|  0%| F|  |TAMS 0x0000000724600000, 0x0000000724600000| Untracked 
|  27|0x0000000724800000, 0x0000000724800000, 0x0000000724a00000|  0%| F|  |TAMS 0x0000000724800000, 0x0000000724800000| Untracked 
|  28|0x0000000724a00000, 0x0000000724a00000, 0x0000000724c00000|  0%| F|  |TAMS 0x0000000724a00000, 0x0000000724a00000| Untracked 
|  29|0x0000000724c00000, 0x0000000724c00000, 0x0000000724e00000|  0%| F|  |TAMS 0x0000000724c00000, 0x0000000724c00000| Untracked 
|  30|0x0000000724e00000, 0x0000000724e00000, 0x0000000725000000|  0%| F|  |TAMS 0x0000000724e00000, 0x0000000724e00000| Untracked 
|  31|0x0000000725000000, 0x0000000725000000, 0x0000000725200000|  0%| F|  |TAMS 0x0000000725000000, 0x0000000725000000| Untracked 
|  32|0x0000000725200000, 0x0000000725200000, 0x0000000725400000|  0%| F|  |TAMS 0x0000000725200000, 0x0000000725200000| Untracked 
|  33|0x0000000725400000, 0x0000000725400000, 0x0000000725600000|  0%| F|  |TAMS 0x0000000725400000, 0x0000000725400000| Untracked 
|  34|0x0000000725600000, 0x0000000725600000, 0x0000000725800000|  0%| F|  |TAMS 0x0000000725600000, 0x0000000725600000| Untracked 
|  35|0x0000000725800000, 0x0000000725800000, 0x0000000725a00000|  0%| F|  |TAMS 0x0000000725800000, 0x0000000725800000| Untracked 
|  36|0x0000000725a00000, 0x0000000725a00000, 0x0000000725c00000|  0%| F|  |TAMS 0x0000000725a00000, 0x0000000725a00000| Untracked 
|  37|0x0000000725c00000, 0x0000000725c00000, 0x0000000725e00000|  0%| F|  |TAMS 0x0000000725c00000, 0x0000000725c00000| Untracked 
|  38|0x0000000725e00000, 0x0000000725e00000, 0x0000000726000000|  0%| F|  |TAMS 0x0000000725e00000, 0x0000000725e00000| Untracked 
|  39|0x0000000726000000, 0x0000000726000000, 0x0000000726200000|  0%| F|  |TAMS 0x0000000726000000, 0x0000000726000000| Untracked 
|  40|0x0000000726200000, 0x0000000726200000, 0x0000000726400000|  0%| F|  |TAMS 0x0000000726200000, 0x0000000726200000| Untracked 
|  41|0x0000000726400000, 0x0000000726400000, 0x0000000726600000|  0%| F|  |TAMS 0x0000000726400000, 0x0000000726400000| Untracked 
|  42|0x0000000726600000, 0x0000000726600000, 0x0000000726800000|  0%| F|  |TAMS 0x0000000726600000, 0x0000000726600000| Untracked 
|  43|0x0000000726800000, 0x0000000726800000, 0x0000000726a00000|  0%| F|  |TAMS 0x0000000726800000, 0x0000000726800000| Untracked 
|  44|0x0000000726a00000, 0x0000000726a00000, 0x0000000726c00000|  0%| F|  |TAMS 0x0000000726a00000, 0x0000000726a00000| Untracked 
|  45|0x0000000726c00000, 0x0000000726c00000, 0x0000000726e00000|  0%| F|  |TAMS 0x0000000726c00000, 0x0000000726c00000| Untracked 
|  46|0x0000000726e00000, 0x0000000726e00000, 0x0000000727000000|  0%| F|  |TAMS 0x0000000726e00000, 0x0000000726e00000| Untracked 
|  47|0x0000000727000000, 0x0000000727000000, 0x0000000727200000|  0%| F|  |TAMS 0x0000000727000000, 0x0000000727000000| Untracked 
|  48|0x0000000727200000, 0x0000000727200000, 0x0000000727400000|  0%| F|  |TAMS 0x0000000727200000, 0x0000000727200000| Untracked 
|  49|0x0000000727400000, 0x0000000727400000, 0x0000000727600000|  0%| F|  |TAMS 0x0000000727400000, 0x0000000727400000| Untracked 
|  50|0x0000000727600000, 0x0000000727600000, 0x0000000727800000|  0%| F|  |TAMS 0x0000000727600000, 0x0000000727600000| Untracked 
|  51|0x0000000727800000, 0x0000000727800000, 0x0000000727a00000|  0%| F|  |TAMS 0x0000000727800000, 0x0000000727800000| Untracked 
|  52|0x0000000727a00000, 0x0000000727a00000, 0x0000000727c00000|  0%| F|  |TAMS 0x0000000727a00000, 0x0000000727a00000| Untracked 
|  53|0x0000000727c00000, 0x0000000727c00000, 0x0000000727e00000|  0%| F|  |TAMS 0x0000000727c00000, 0x0000000727c00000| Untracked 
|  54|0x0000000727e00000, 0x0000000727e00000, 0x0000000728000000|  0%| F|  |TAMS 0x0000000727e00000, 0x0000000727e00000| Untracked 
|  55|0x0000000728000000, 0x0000000728000000, 0x0000000728200000|  0%| F|  |TAMS 0x0000000728000000, 0x0000000728000000| Untracked 
|  56|0x0000000728200000, 0x0000000728200000, 0x0000000728400000|  0%| F|  |TAMS 0x0000000728200000, 0x0000000728200000| Untracked 
|  57|0x0000000728400000, 0x0000000728400000, 0x0000000728600000|  0%| F|  |TAMS 0x0000000728400000, 0x0000000728400000| Untracked 
|  58|0x0000000728600000, 0x0000000728600000, 0x0000000728800000|  0%| F|  |TAMS 0x0000000728600000, 0x0000000728600000| Untracked 
|  59|0x0000000728800000, 0x0000000728800000, 0x0000000728a00000|  0%| F|  |TAMS 0x0000000728800000, 0x0000000728800000| Untracked 
|  60|0x0000000728a00000, 0x0000000728a00000, 0x0000000728c00000|  0%| F|  |TAMS 0x0000000728a00000, 0x0000000728a00000| Untracked 
|  61|0x0000000728c00000, 0x0000000728c00000, 0x0000000728e00000|  0%| F|  |TAMS 0x0000000728c00000, 0x0000000728c00000| Untracked 
|  62|0x0000000728e00000, 0x0000000728e00000, 0x0000000729000000|  0%| F|  |TAMS 0x0000000728e00000, 0x0000000728e00000| Untracked 
|  63|0x0000000729000000, 0x0000000729000000, 0x0000000729200000|  0%| F|  |TAMS 0x0000000729000000, 0x0000000729000000| Untracked 
|  64|0x0000000729200000, 0x0000000729200000, 0x0000000729400000|  0%| F|  |TAMS 0x0000000729200000, 0x0000000729200000| Untracked 
|  65|0x0000000729400000, 0x0000000729400000, 0x0000000729600000|  0%| F|  |TAMS 0x0000000729400000, 0x0000000729400000| Untracked 
|  66|0x0000000729600000, 0x0000000729600000, 0x0000000729800000|  0%| F|  |TAMS 0x0000000729600000, 0x0000000729600000| Untracked 
|  67|0x0000000729800000, 0x0000000729800000, 0x0000000729a00000|  0%| F|  |TAMS 0x0000000729800000, 0x0000000729800000| Untracked 
|  68|0x0000000729a00000, 0x0000000729a00000, 0x0000000729c00000|  0%| F|  |TAMS 0x0000000729a00000, 0x0000000729a00000| Untracked 
|  69|0x0000000729c00000, 0x0000000729c00000, 0x0000000729e00000|  0%| F|  |TAMS 0x0000000729c00000, 0x0000000729c00000| Untracked 
|  70|0x0000000729e00000, 0x0000000729e00000, 0x000000072a000000|  0%| F|  |TAMS 0x0000000729e00000, 0x0000000729e00000| Untracked 
|  71|0x000000072a000000, 0x000000072a000000, 0x000000072a200000|  0%| F|  |TAMS 0x000000072a000000, 0x000000072a000000| Untracked 
|  72|0x000000072a200000, 0x000000072a200000, 0x000000072a400000|  0%| F|  |TAMS 0x000000072a200000, 0x000000072a200000| Untracked 
|  73|0x000000072a400000, 0x000000072a400000, 0x000000072a600000|  0%| F|  |TAMS 0x000000072a400000, 0x000000072a400000| Untracked 
|  74|0x000000072a600000, 0x000000072a600000, 0x000000072a800000|  0%| F|  |TAMS 0x000000072a600000, 0x000000072a600000| Untracked 
|  75|0x000000072a800000, 0x000000072a800000, 0x000000072aa00000|  0%| F|  |TAMS 0x000000072a800000, 0x000000072a800000| Untracked 
|  76|0x000000072aa00000, 0x000000072aa00000, 0x000000072ac00000|  0%| F|  |TAMS 0x000000072aa00000, 0x000000072aa00000| Untracked 
|  77|0x000000072ac00000, 0x000000072ac00000, 0x000000072ae00000|  0%| F|  |TAMS 0x000000072ac00000, 0x000000072ac00000| Untracked 
|  78|0x000000072ae00000, 0x000000072ae00000, 0x000000072b000000|  0%| F|  |TAMS 0x000000072ae00000, 0x000000072ae00000| Untracked 
|  79|0x000000072b000000, 0x000000072b000000, 0x000000072b200000|  0%| F|  |TAMS 0x000000072b000000, 0x000000072b000000| Untracked 
|  80|0x000000072b200000, 0x000000072b200000, 0x000000072b400000|  0%| F|  |TAMS 0x000000072b200000, 0x000000072b200000| Untracked 
|  81|0x000000072b400000, 0x000000072b400000, 0x000000072b600000|  0%| F|  |TAMS 0x000000072b400000, 0x000000072b400000| Untracked 
|  82|0x000000072b600000, 0x000000072b600000, 0x000000072b800000|  0%| F|  |TAMS 0x000000072b600000, 0x000000072b600000| Untracked 
|  83|0x000000072b800000, 0x000000072b800000, 0x000000072ba00000|  0%| F|  |TAMS 0x000000072b800000, 0x000000072b800000| Untracked 
|  84|0x000000072ba00000, 0x000000072ba00000, 0x000000072bc00000|  0%| F|  |TAMS 0x000000072ba00000, 0x000000072ba00000| Untracked 
|  85|0x000000072bc00000, 0x000000072bc00000, 0x000000072be00000|  0%| F|  |TAMS 0x000000072bc00000, 0x000000072bc00000| Untracked 
|  86|0x000000072be00000, 0x000000072be00000, 0x000000072c000000|  0%| F|  |TAMS 0x000000072be00000, 0x000000072be00000| Untracked 
|  87|0x000000072c000000, 0x000000072c000000, 0x000000072c200000|  0%| F|  |TAMS 0x000000072c000000, 0x000000072c000000| Untracked 
|  88|0x000000072c200000, 0x000000072c200000, 0x000000072c400000|  0%| F|  |TAMS 0x000000072c200000, 0x000000072c200000| Untracked 
|  89|0x000000072c400000, 0x000000072c400000, 0x000000072c600000|  0%| F|  |TAMS 0x000000072c400000, 0x000000072c400000| Untracked 
|  90|0x000000072c600000, 0x000000072c600000, 0x000000072c800000|  0%| F|  |TAMS 0x000000072c600000, 0x000000072c600000| Untracked 
|  91|0x000000072c800000, 0x000000072c800000, 0x000000072ca00000|  0%| F|  |TAMS 0x000000072c800000, 0x000000072c800000| Untracked 
|  92|0x000000072ca00000, 0x000000072ca00000, 0x000000072cc00000|  0%| F|  |TAMS 0x000000072ca00000, 0x000000072ca00000| Untracked 
|  93|0x000000072cc00000, 0x000000072cc00000, 0x000000072ce00000|  0%| F|  |TAMS 0x000000072cc00000, 0x000000072cc00000| Untracked 
|  94|0x000000072ce00000, 0x000000072ce00000, 0x000000072d000000|  0%| F|  |TAMS 0x000000072ce00000, 0x000000072ce00000| Untracked 
|  95|0x000000072d000000, 0x000000072d000000, 0x000000072d200000|  0%| F|  |TAMS 0x000000072d000000, 0x000000072d000000| Untracked 
|  96|0x000000072d200000, 0x000000072d200000, 0x000000072d400000|  0%| F|  |TAMS 0x000000072d200000, 0x000000072d200000| Untracked 
|  97|0x000000072d400000, 0x000000072d400000, 0x000000072d600000|  0%| F|  |TAMS 0x000000072d400000, 0x000000072d400000| Untracked 
|  98|0x000000072d600000, 0x000000072d600000, 0x000000072d800000|  0%| F|  |TAMS 0x000000072d600000, 0x000000072d600000| Untracked 
|  99|0x000000072d800000, 0x000000072d800000, 0x000000072da00000|  0%| F|  |TAMS 0x000000072d800000, 0x000000072d800000| Untracked 
| 100|0x000000072da00000, 0x000000072da00000, 0x000000072dc00000|  0%| F|  |TAMS 0x000000072da00000, 0x000000072da00000| Untracked 
| 101|0x000000072dc00000, 0x000000072dc00000, 0x000000072de00000|  0%| F|  |TAMS 0x000000072dc00000, 0x000000072dc00000| Untracked 
| 102|0x000000072de00000, 0x000000072de00000, 0x000000072e000000|  0%| F|  |TAMS 0x000000072de00000, 0x000000072de00000| Untracked 
| 103|0x000000072e000000, 0x000000072e000000, 0x000000072e200000|  0%| F|  |TAMS 0x000000072e000000, 0x000000072e000000| Untracked 
| 104|0x000000072e200000, 0x000000072e200000, 0x000000072e400000|  0%| F|  |TAMS 0x000000072e200000, 0x000000072e200000| Untracked 
| 105|0x000000072e400000, 0x000000072e400000, 0x000000072e600000|  0%| F|  |TAMS 0x000000072e400000, 0x000000072e400000| Untracked 
| 106|0x000000072e600000, 0x000000072e600000, 0x000000072e800000|  0%| F|  |TAMS 0x000000072e600000, 0x000000072e600000| Untracked 
| 107|0x000000072e800000, 0x000000072e800800, 0x000000072ea00000|  0%| E|  |TAMS 0x000000072e800000, 0x000000072e800000| Complete 
| 108|0x000000072ea00000, 0x000000072ec00000, 0x000000072ec00000|100%| E|CS|TAMS 0x000000072ea00000, 0x000000072ea00000| Complete 
| 109|0x000000072ec00000, 0x000000072ee00000, 0x000000072ee00000|100%| E|CS|TAMS 0x000000072ec00000, 0x000000072ec00000| Complete 
| 110|0x000000072ee00000, 0x000000072f000000, 0x000000072f000000|100%| E|CS|TAMS 0x000000072ee00000, 0x000000072ee00000| Complete 
| 111|0x000000072f000000, 0x000000072f200000, 0x000000072f200000|100%| E|CS|TAMS 0x000000072f000000, 0x000000072f000000| Complete 

Card table byte_map: [0x000001fbff000000,0x000001fbff700000] _byte_map_base: 0x000001fbfb6f7000

Marking Bits (Prev, Next): (CMBitMap*) 0x000001fbf4e56680, (CMBitMap*) 0x000001fbf4e566c0
 Prev Bits: [0x000001fb8f000000, 0x000001fb927b8000)
 Next Bits: [0x000001fb927c0000, 0x000001fb95f78000)

Polling page: 0x000001fbf4ef0000

Metaspace:

Usage:
  Non-class:      6.50 MB used.
      Class:    793.89 KB used.
       Both:      7.27 MB used.

Virtual space:
  Non-class space:        8.00 MB reserved,       6.62 MB ( 83%) committed,  1 nodes.
      Class space:        1.00 GB reserved,     896.00 KB ( <1%) committed,  1 nodes.
             Both:        1.01 GB reserved,       7.50 MB ( <1%) committed. 

Chunk freelists:
   Non-Class:  1016.00 KB
       Class:  3.11 MB
        Both:  4.10 MB

MaxMetaspaceSize: unlimited
CompressedClassSpaceSize: 1.00 GB
Initial GC threshold: 21.00 MB
Current GC threshold: 21.00 MB
CDS: on
MetaspaceReclaimPolicy: balanced
 - commit_granule_bytes: 65536.
 - commit_granule_words: 8192.
 - virtual_space_node_default_size: 1048576.
 - enlarge_chunks_in_place: 1.
 - new_chunks_are_fully_committed: 0.
 - uncommit_free_chunks: 1.
 - use_allocation_guard: 0.
 - handle_deallocations: 1.


Internal statistics:

num_allocs_failed_limit: 0.
num_arena_births: 116.
num_arena_deaths: 0.
num_vsnodes_births: 2.
num_vsnodes_deaths: 0.
num_space_committed: 120.
num_space_uncommitted: 0.
num_chunks_returned_to_freelist: 0.
num_chunks_taken_from_freelist: 164.
num_chunk_merges: 0.
num_chunk_splits: 91.
num_chunks_enlarged: 26.
num_purges: 0.
num_inconsistent_stats: 0.

CodeHeap 'non-profiled nmethods': size=120000Kb used=251Kb max_used=251Kb free=119748Kb
 bounds [0x000001fb87ad0000, 0x000001fb87d40000, 0x000001fb8f000000]
CodeHeap 'profiled nmethods': size=120000Kb used=1474Kb max_used=1474Kb free=118525Kb
 bounds [0x000001fb805a0000, 0x000001fb80810000, 0x000001fb87ad0000]
CodeHeap 'non-nmethods': size=5760Kb used=1260Kb max_used=1274Kb free=4499Kb
 bounds [0x000001fb80000000, 0x000001fb80270000, 0x000001fb805a0000]
 total_blobs=1530 nmethods=948 adapters=495
 compilation: enabled
              stopped_count=0, restarted_count=0
 full_count=0

Compilation events (20 events):
Event: 3.686 Thread 0x000001fb9888d4d0  939       3       sun.java2d.SunGraphics2D::setDevClip (45 bytes)
Event: 3.686 Thread 0x000001fb9888d4d0 nmethod 939 0x000001fb80709510 code [0x000001fb807096e0, 0x000001fb807099c8]
Event: 3.686 Thread 0x000001fb9888d4d0  940       3       sun.java2d.SunGraphics2D::setDevClip (21 bytes)
Event: 3.686 Thread 0x000001fb9888d4d0 nmethod 940 0x000001fb80709b10 code [0x000001fb80709cc0, 0x000001fb80709e28]
Event: 3.769 Thread 0x000001fb9888d4d0  941   !   3       sun.java2d.SunGraphics2D::drawHiDPIImage (540 bytes)
Event: 3.771 Thread 0x000001fb9888d4d0 nmethod 941 0x000001fb80709f10 code [0x000001fb8070a3c0, 0x000001fb8070c668]
Event: 3.771 Thread 0x000001fb9888d4d0  942       3       sun.java2d.pipe.DrawImage::isSimpleTranslate (31 bytes)
Event: 3.771 Thread 0x000001fb9888d4d0 nmethod 942 0x000001fb8070db90 code [0x000001fb8070dd40, 0x000001fb8070df78]
Event: 3.771 Thread 0x000001fb9888d4d0  943       3       sun.java2d.SurfaceData::getSourceSurfaceData (110 bytes)
Event: 3.771 Thread 0x000001fb9888d4d0 nmethod 943 0x000001fb8070e010 code [0x000001fb8070e240, 0x000001fb8070ed98]
Event: 3.771 Thread 0x000001fb9888d4d0  944       3       sun.java2d.pipe.DrawImage::isBgOperation (22 bytes)
Event: 3.771 Thread 0x000001fb9888d4d0 nmethod 944 0x000001fb8070f110 code [0x000001fb8070f2c0, 0x000001fb8070f648]
Event: 3.786 Thread 0x000001fb9888d4d0  945       3       java.awt.Color::<init> (11 bytes)
Event: 3.786 Thread 0x000001fb9888d4d0 nmethod 945 0x000001fb8070f790 code [0x000001fb8070f920, 0x000001fb8070fa68]
Event: 3.786 Thread 0x000001fb9888d4d0  947       3       java.awt.Component$FlipBufferStrategy::getBackBuffer (33 bytes)
Event: 3.786 Thread 0x000001fb9888d4d0 nmethod 947 0x000001fb8070fb10 code [0x000001fb8070fce0, 0x000001fb8070ffd8]
Event: 3.786 Thread 0x000001fb9888d4d0  948  s    3       sun.awt.windows.WComponentPeer::getBackBuffer (22 bytes)
Event: 3.786 Thread 0x000001fb9888d4d0 nmethod 948 0x000001fb80710110 code [0x000001fb807102c0, 0x000001fb80710588]
Event: 3.786 Thread 0x000001fb9888d4d0  946       3       java.awt.Color::<init> (72 bytes)
Event: 3.786 Thread 0x000001fb9888d4d0 nmethod 946 0x000001fb80710690 code [0x000001fb80710840, 0x000001fb80710ac8]

GC Heap History (0 events):
No events

Deoptimization events (14 events):
Event: 0.579 Thread 0x000001fb99d3dd30 DEOPT PACKING pc=0x000001fb806951a3 sp=0x000000dfe86ff260
Event: 0.579 Thread 0x000001fb99d3dd30 DEOPT UNPACKING pc=0x000001fb80052b43 sp=0x000000dfe86fe798 mode 0
Event: 0.586 Thread 0x000001fb99d3dd30 Uncommon trap: trap_request=0xffffff45 fr.pc=0x000001fb87aff3b8 relative=0x0000000000000178
Event: 0.586 Thread 0x000001fb99d3dd30 Uncommon trap: reason=unstable_if action=reinterpret pc=0x000001fb87aff3b8 method=com.juliasgomes.main.Game.run()V @ 55 c2
Event: 0.586 Thread 0x000001fb99d3dd30 DEOPT PACKING pc=0x000001fb87aff3b8 sp=0x000000dfe86ff330
Event: 0.586 Thread 0x000001fb99d3dd30 DEOPT UNPACKING pc=0x000001fb800523a3 sp=0x000000dfe86ff2a8 mode 2
Event: 0.594 Thread 0x000001fb99d3dd30 DEOPT PACKING pc=0x000001fb8069717b sp=0x000000dfe86ff260
Event: 0.594 Thread 0x000001fb99d3dd30 DEOPT UNPACKING pc=0x000001fb80052b43 sp=0x000000dfe86fe798 mode 0
Event: 1.568 Thread 0x000001fb99d3dd30 Uncommon trap: trap_request=0xffffff45 fr.pc=0x000001fb87aff8f0 relative=0x0000000000000190
Event: 1.568 Thread 0x000001fb99d3dd30 Uncommon trap: reason=unstable_if action=reinterpret pc=0x000001fb87aff8f0 method=com.juliasgomes.main.Game.run()V @ 86 c2
Event: 1.568 Thread 0x000001fb99d3dd30 DEOPT PACKING pc=0x000001fb87aff8f0 sp=0x000000dfe86ff330
Event: 1.568 Thread 0x000001fb99d3dd30 DEOPT UNPACKING pc=0x000001fb800523a3 sp=0x000000dfe86ff2a8 mode 2
Event: 1.577 Thread 0x000001fb99d3dd30 DEOPT PACKING pc=0x000001fb806b2933 sp=0x000000dfe86ff260
Event: 1.577 Thread 0x000001fb99d3dd30 DEOPT UNPACKING pc=0x000001fb80052b43 sp=0x000000dfe86fe798 mode 0

Classes unloaded (0 events):
No events

Classes redefined (0 events):
No events

Internal exceptions (14 events):
Event: 0.109 Thread 0x000001fbf4e09b70 Exception <a 'java/lang/ClassNotFoundException'{0x000000072f199ac0}: sun/awt/resources/spi/awtProvider> (0x000000072f199ac0) 
thrown [t:\workspace\open\src\hotspot\share\classfile\systemDictionary.cpp, line 256]
Event: 0.144 Thread 0x000001fbf4e09b70 Exception <a 'java/io/FileNotFoundException'{0x000000072f1f27e8}> (0x000000072f1f27e8) 
thrown [t:\workspace\open\src\hotspot\share\prims\jni.cpp, line 516]
Event: 0.155 Thread 0x000001fbf4e09b70 Exception <a 'java/io/FileNotFoundException'{0x000000072ee1fe98}> (0x000000072ee1fe98) 
thrown [t:\workspace\open\src\hotspot\share\prims\jni.cpp, line 516]
Event: 0.215 Thread 0x000001fbf4e09b70 Exception <a 'java/lang/NoSuchMethodError'{0x000000072ee6af88}: 'java.lang.Object java.lang.invoke.DirectMethodHandle$Holder.invokeStaticInit(java.lang.Object)'> (0x000000072ee6af88) 
thrown [t:\workspace\open\src\hotspot\share\interpreter\linkResolver.cpp, line 766]
Event: 0.326 Thread 0x000001fbf4e09b70 Exception <a 'java/lang/NoSuchMethodError'{0x000000072eeb63c8}: 'void java.lang.invoke.DirectMethodHandle$Holder.invokeSpecial(java.lang.Object, java.lang.Object, java.lang.Object)'> (0x000000072eeb63c8) 
thrown [t:\workspace\open\src\hotspot\share\interpreter\linkResolver.cpp, line 766]
Event: 0.337 Thread 0x000001fbf4e09b70 Exception <a 'java/lang/NoSuchMethodError'{0x000000072eee0630}: 'java.lang.Object java.lang.invoke.DirectMethodHandle$Holder.newInvokeSpecial(java.lang.Object, java.lang.Object, java.lang.Object, java.lang.Object, java.lang.Object)'> (0x000000072eee0630) 
thrown [t:\workspace\open\src\hotspot\share\interpreter\linkResolver.cpp, line 766]
Event: 0.339 Thread 0x000001fbf4e09b70 Exception <a 'java/lang/NoSuchMethodError'{0x000000072ef5cc88}: 'java.lang.Object java.lang.invoke.DirectMethodHandle$Holder.invokeStatic(java.lang.Object, int, java.lang.Object, java.lang.Object, java.lang.Object, java.lang.Object)'> (0x000000072ef5cc88) 
thrown [t:\workspace\open\src\hotspot\share\interpreter\linkResolver.cpp, line 766]
Event: 0.348 Thread 0x000001fbf4e09b70 Exception <a 'java/lang/NoSuchMethodError'{0x000000072ef823a8}: 'java.lang.Object java.lang.invoke.DirectMethodHandle$Holder.invokeStatic(java.lang.Object, int, java.lang.Object)'> (0x000000072ef823a8) 
thrown [t:\workspace\open\src\hotspot\share\interpreter\linkResolver.cpp, line 766]
Event: 0.380 Thread 0x000001fbf4e09b70 Exception <a 'java/lang/ClassNotFoundException'{0x000000072ec3a8c8}: com/sun/swing/internal/plaf/metal/resources/spi/metalProvider> (0x000000072ec3a8c8) 
thrown [t:\workspace\open\src\hotspot\share\classfile\systemDictionary.cpp, line 256]
Event: 0.380 Thread 0x000001fbf4e09b70 Exception <a 'java/lang/ClassNotFoundException'{0x000000072ec3e700}: com/sun/swing/internal/plaf/basic/resources/spi/basicProvider> (0x000000072ec3e700) 
thrown [t:\workspace\open\src\hotspot\share\classfile\systemDictionary.cpp, line 256]
Event: 0.393 Thread 0x000001fb996efdf0 Exception <a 'java/lang/NoSuchMethodError'{0x000000072eef1478}: 'void java.lang.invoke.DirectMethodHandle$Holder.invokeVirtual(java.lang.Object, java.lang.Object)'> (0x000000072eef1478) 
thrown [t:\workspace\open\src\hotspot\share\interpreter\linkResolver.cpp, line 766]
Event: 0.407 Thread 0x000001fbf4e09b70 Exception <a 'java/lang/NoSuchMethodError'{0x000000072ece9e28}: 'void java.lang.invoke.DirectMethodHandle$Holder.invokeStaticInit(java.lang.Object)'> (0x000000072ece9e28) 
thrown [t:\workspace\open\src\hotspot\share\interpreter\linkResolver.cpp, line 766]
Event: 0.504 Thread 0x000001fbf4e09b70 Exception <a 'java/lang/NoSuchMethodError'{0x000000072edc8a40}: 'java.lang.Object java.lang.invoke.DirectMethodHandle$Holder.invokeStaticInit(java.lang.Object, int, int, int, int)'> (0x000000072edc8a40) 
thrown [t:\workspace\open\src\hotspot\share\interpreter\linkResolver.cpp, line 766]
Event: 0.546 Thread 0x000001fbf4e09b70 Exception <a 'java/lang/NoSuchMethodError'{0x000000072ea2a808}: 'java.lang.Object java.lang.invoke.DirectMethodHandle$Holder.invokeStaticInit(java.lang.Object, java.lang.Object, int, int, int, int)'> (0x000000072ea2a808) 
thrown [t:\workspace\open\src\hotspot\share\interpreter\linkResolver.cpp, line 766]

VM Operations (18 events):
Event: 0.379 Executing VM operation: HandshakeAllThreads
Event: 0.379 Executing VM operation: HandshakeAllThreads done
Event: 0.399 Executing VM operation: HandshakeAllThreads
Event: 0.399 Executing VM operation: HandshakeAllThreads done
Event: 0.428 Executing VM operation: HandshakeAllThreads
Event: 0.428 Executing VM operation: HandshakeAllThreads done
Event: 0.493 Executing VM operation: HandshakeAllThreads
Event: 0.493 Executing VM operation: HandshakeAllThreads done
Event: 0.493 Executing VM operation: HandshakeAllThreads
Event: 0.493 Executing VM operation: HandshakeAllThreads done
Event: 0.519 Executing VM operation: HandshakeAllThreads
Event: 0.519 Executing VM operation: HandshakeAllThreads done
Event: 1.533 Executing VM operation: Cleanup
Event: 1.534 Executing VM operation: Cleanup done
Event: 2.538 Executing VM operation: Cleanup
Event: 2.538 Executing VM operation: Cleanup done
Event: 3.552 Executing VM operation: Cleanup
Event: 3.552 Executing VM operation: Cleanup done

Events (20 events):
Event: 0.954 loading class java/awt/event/MouseEvent$1
Event: 0.954 loading class sun/awt/AWTAccessor$MouseEventAccessor
Event: 0.954 loading class sun/awt/AWTAccessor$MouseEventAccessor done
Event: 0.954 loading class java/awt/event/MouseEvent$1 done
Event: 0.955 loading class java/awt/Cursor$CursorDisposer
Event: 0.955 loading class java/awt/Cursor$CursorDisposer done
Event: 0.955 loading class java/awt/Event
Event: 0.955 loading class java/awt/Event done
Event: 0.956 loading class java/awt/event/MouseWheelEvent
Event: 0.956 loading class java/awt/event/MouseWheelEvent done
Event: 3.958 Thread 0x000001fb99d39210 Thread added: 0x000001fb99d39210
Event: 3.958 Thread 0x000001fb99d57de0 Thread added: 0x000001fb99d57de0
Event: 3.958 Thread 0x000001fb99d54420 Thread added: 0x000001fb99d54420
Event: 3.958 Thread 0x000001fb99d57de0 Thread exited: 0x000001fb99d57de0
Event: 3.958 Thread 0x000001fb99cd8450 Thread exited: 0x000001fb99cd8450
Event: 3.958 loading class java/util/WeakHashMap$KeyIterator
Event: 3.958 loading class java/util/WeakHashMap$HashIterator
Event: 3.958 loading class java/util/WeakHashMap$HashIterator done
Event: 3.958 loading class java/util/WeakHashMap$KeyIterator done
Event: 3.958 Thread 0x000001fb99d54420 Thread exited: 0x000001fb99d54420


Dynamic libraries:
0x00007ff7a6420000 - 0x00007ff7a6430000 	C:\Program Files\Java\jdk-17.0.2\bin\javaw.exe
0x00007ff99e170000 - 0x00007ff99e365000 	C:\WINDOWS\SYSTEM32\ntdll.dll
0x00007ff99e000000 - 0x00007ff99e0be000 	C:\WINDOWS\System32\KERNEL32.DLL
0x00007ff99b880000 - 0x00007ff99bb48000 	C:\WINDOWS\System32\KERNELBASE.dll
0x00007ff99c090000 - 0x00007ff99c190000 	C:\WINDOWS\System32\ucrtbase.dll
0x00007ff996e40000 - 0x00007ff996e58000 	C:\Program Files\Java\jdk-17.0.2\bin\jli.dll
0x00007ff998000000 - 0x00007ff99801a000 	C:\Program Files\Java\jdk-17.0.2\bin\VCRUNTIME140.dll
0x00007ff99c910000 - 0x00007ff99c9be000 	C:\WINDOWS\System32\ADVAPI32.dll
0x00007ff99d530000 - 0x00007ff99d5ce000 	C:\WINDOWS\System32\msvcrt.dll
0x00007ff99d270000 - 0x00007ff99d30c000 	C:\WINDOWS\System32\sechost.dll
0x00007ff99ded0000 - 0x00007ff99dff5000 	C:\WINDOWS\System32\RPCRT4.dll
0x00007ff99caf0000 - 0x00007ff99cc90000 	C:\WINDOWS\System32\USER32.dll
0x00007ff99c060000 - 0x00007ff99c082000 	C:\WINDOWS\System32\win32u.dll
0x00007ff9870b0000 - 0x00007ff98734a000 	C:\WINDOWS\WinSxS\amd64_microsoft.windows.common-controls_6595b64144ccf1df_6.0.19041.1110_none_60b5254171f9507e\COMCTL32.dll
0x00007ff99d8e0000 - 0x00007ff99d90b000 	C:\WINDOWS\System32\GDI32.dll
0x00007ff99bba0000 - 0x00007ff99bcad000 	C:\WINDOWS\System32\gdi32full.dll
0x00007ff99bf50000 - 0x00007ff99bfed000 	C:\WINDOWS\System32\msvcp_win.dll
0x00007ff999870000 - 0x00007ff99987a000 	C:\WINDOWS\SYSTEM32\VERSION.dll
0x00007ff99c9c0000 - 0x00007ff99c9f0000 	C:\WINDOWS\System32\IMM32.DLL
0x00007ff9998d0000 - 0x00007ff9998dc000 	C:\Program Files\Java\jdk-17.0.2\bin\vcruntime140_1.dll
0x00007ff97fe20000 - 0x00007ff97fead000 	C:\Program Files\Java\jdk-17.0.2\bin\msvcp140.dll
0x00007ff95fa40000 - 0x00007ff960601000 	C:\Program Files\Java\jdk-17.0.2\bin\server\jvm.dll
0x00007ff999620000 - 0x00007ff999629000 	C:\WINDOWS\SYSTEM32\WSOCK32.dll
0x00007ff99d260000 - 0x00007ff99d268000 	C:\WINDOWS\System32\PSAPI.DLL
0x00007ff99e0c0000 - 0x00007ff99e12b000 	C:\WINDOWS\System32\WS2_32.dll
0x00007ff9905b0000 - 0x00007ff9905d7000 	C:\WINDOWS\SYSTEM32\WINMM.dll
0x00007ff99a120000 - 0x00007ff99a132000 	C:\WINDOWS\SYSTEM32\kernel.appcore.dll
0x00007ff9998a0000 - 0x00007ff9998aa000 	C:\Program Files\Java\jdk-17.0.2\bin\jimage.dll
0x00007ff993610000 - 0x00007ff9937f4000 	C:\WINDOWS\SYSTEM32\DBGHELP.DLL
0x00007ff98e5c0000 - 0x00007ff98e5ec000 	C:\WINDOWS\SYSTEM32\dbgcore.DLL
0x00007ff99bec0000 - 0x00007ff99bf42000 	C:\WINDOWS\System32\bcryptPrimitives.dll
0x00007ff995440000 - 0x00007ff995465000 	C:\Program Files\Java\jdk-17.0.2\bin\java.dll
0x00007ff9635f0000 - 0x00007ff9636c6000 	C:\Program Files\Java\jdk-17.0.2\bin\jsvml.dll
0x00007ff99c1c0000 - 0x00007ff99c904000 	C:\WINDOWS\System32\SHELL32.dll
0x00007ff999970000 - 0x00007ff99a104000 	C:\WINDOWS\SYSTEM32\windows.storage.dll
0x00007ff99da30000 - 0x00007ff99dd85000 	C:\WINDOWS\System32\combase.dll
0x00007ff99b200000 - 0x00007ff99b22e000 	C:\WINDOWS\SYSTEM32\Wldp.dll
0x00007ff99d830000 - 0x00007ff99d8dd000 	C:\WINDOWS\System32\SHCORE.dll
0x00007ff99d4d0000 - 0x00007ff99d525000 	C:\WINDOWS\System32\shlwapi.dll
0x00007ff99b7c0000 - 0x00007ff99b7df000 	C:\WINDOWS\SYSTEM32\profapi.dll
0x00007ff95f8b0000 - 0x00007ff95fa3f000 	C:\Program Files\Java\jdk-17.0.2\bin\awt.dll
0x00007ff99d5d0000 - 0x00007ff99d69d000 	C:\WINDOWS\System32\OLEAUT32.dll
0x00007ff998d50000 - 0x00007ff998de0000 	C:\WINDOWS\SYSTEM32\apphelp.dll
0x00007ff999370000 - 0x00007ff99939f000 	C:\WINDOWS\system32\DWMAPI.DLL
0x00007ff998f20000 - 0x00007ff998fbe000 	C:\WINDOWS\system32\uxtheme.dll
0x00007ff95ea60000 - 0x00007ff95eb85000 	C:\WINDOWS\system32\opengl32.dll
0x00007ff97c4e0000 - 0x00007ff97c50c000 	C:\WINDOWS\SYSTEM32\GLU32.dll
0x00007ff99d910000 - 0x00007ff99da26000 	C:\WINDOWS\System32\MSCTF.dll
0x00007ff99d700000 - 0x00007ff99d82a000 	C:\WINDOWS\System32\ole32.dll
0x00007ff99bb50000 - 0x00007ff99bb9e000 	C:\WINDOWS\System32\cfgmgr32.dll
0x00007ff99c190000 - 0x00007ff99c1b7000 	C:\WINDOWS\System32\bcrypt.dll
0x00007ff9907a0000 - 0x00007ff9907db000 	C:\WINDOWS\SYSTEM32\dxcore.dll
0x00007ff961d80000 - 0x00007ff961e09000 	C:\Program Files\Java\jdk-17.0.2\bin\freetype.dll
0x00007ff95f800000 - 0x00007ff95f8a8000 	C:\Program Files\Java\jdk-17.0.2\bin\fontmanager.dll
0x00007ff987ab0000 - 0x00007ff987ba9000 	C:\WINDOWS\SYSTEM32\textinputframework.dll
0x00007ff9986c0000 - 0x00007ff998a1e000 	C:\WINDOWS\System32\CoreUIComponents.dll
0x00007ff998a20000 - 0x00007ff998b12000 	C:\WINDOWS\System32\CoreMessaging.dll
0x00007ff997e90000 - 0x00007ff997fe4000 	C:\WINDOWS\SYSTEM32\wintypes.dll
0x00007ff99a570000 - 0x00007ff99a5a3000 	C:\WINDOWS\SYSTEM32\ntmarta.dll
0x00007ff9848d0000 - 0x00007ff984936000 	C:\WINDOWS\system32\Oleacc.dll
0x00007ff99b150000 - 0x00007ff99b168000 	C:\WINDOWS\SYSTEM32\CRYPTSP.dll
0x00007ff99a8e0000 - 0x00007ff99a914000 	C:\WINDOWS\system32\rsaenh.dll
0x00007ff99b740000 - 0x00007ff99b76e000 	C:\WINDOWS\SYSTEM32\USERENV.dll
0x00007ff99b170000 - 0x00007ff99b17c000 	C:\WINDOWS\SYSTEM32\CRYPTBASE.dll
0x00007ff9967c0000 - 0x00007ff9967d9000 	C:\Program Files\Java\jdk-17.0.2\bin\net.dll
0x00007ff993b10000 - 0x00007ff993c1c000 	C:\WINDOWS\SYSTEM32\WINHTTP.dll
0x00007ff99af60000 - 0x00007ff99afca000 	C:\WINDOWS\system32\mswsock.dll
0x00007ff99ac50000 - 0x00007ff99ac8b000 	C:\WINDOWS\SYSTEM32\IPHLPAPI.DLL
0x00007ff99d250000 - 0x00007ff99d258000 	C:\WINDOWS\System32\NSI.dll
0x00007ff9952a0000 - 0x00007ff9952b7000 	C:\WINDOWS\SYSTEM32\dhcpcsvc6.DLL
0x00007ff995280000 - 0x00007ff99529d000 	C:\WINDOWS\SYSTEM32\dhcpcsvc.DLL
0x00007ff99ac90000 - 0x00007ff99ad5b000 	C:\WINDOWS\SYSTEM32\DNSAPI.dll
0x00007ff9954c0000 - 0x00007ff9954d6000 	C:\Program Files\Java\jdk-17.0.2\bin\nio.dll
0x00007ff995400000 - 0x00007ff995418000 	C:\Program Files\Java\jdk-17.0.2\bin\zip.dll

dbghelp: loaded successfully - version: 4.0.5 - missing functions: none
symbol engine: initialized successfully - sym options: 0x614 - pdb path: .;C:\Program Files\Java\jdk-17.0.2\bin;C:\WINDOWS\SYSTEM32;C:\WINDOWS\WinSxS\amd64_microsoft.windows.common-controls_6595b64144ccf1df_6.0.19041.1110_none_60b5254171f9507e;C:\Program Files\Java\jdk-17.0.2\bin\server;C:\WINDOWS\System32\DriverStore\FileRepository\u0376209.inf_amd64_b3bdffadea4def3f\B374968

VM Arguments:
jvm_args: -Dfile.encoding=Cp1252 -XX:+ShowCodeDetailsInExceptionMessages 
java_command: com.juliasgomes.main.Game
java_class_path (initial): C:\Users\julia\Documents\MeusProjetos\ZeldaClone\ZeldaClone\bin
Launcher Type: SUN_STANDARD

[Global flags]
     intx CICompilerCount                          = 4                                         {product} {ergonomic}
     uint ConcGCThreads                            = 2                                         {product} {ergonomic}
     uint G1ConcRefinementThreads                  = 8                                         {product} {ergonomic}
   size_t G1HeapRegionSize                         = 2097152                                   {product} {ergonomic}
    uintx GCDrainStackTargetSize                   = 64                                        {product} {ergonomic}
   size_t InitialHeapSize                          = 234881024                                 {product} {ergonomic}
   size_t MarkStackSize                            = 4194304                                   {product} {ergonomic}
   size_t MaxHeapSize                              = 3739222016                                {product} {ergonomic}
   size_t MaxNewSize                               = 2241855488                                {product} {ergonomic}
   size_t MinHeapDeltaBytes                        = 2097152                                   {product} {ergonomic}
   size_t MinHeapSize                              = 8388608                                   {product} {ergonomic}
    uintx NonNMethodCodeHeapSize                   = 5839372                                {pd product} {ergonomic}
    uintx NonProfiledCodeHeapSize                  = 122909434                              {pd product} {ergonomic}
    uintx ProfiledCodeHeapSize                     = 122909434                              {pd product} {ergonomic}
    uintx ReservedCodeCacheSize                    = 251658240                              {pd product} {ergonomic}
     bool SegmentedCodeCache                       = true                                      {product} {ergonomic}
     bool ShowCodeDetailsInExceptionMessages       = true                                   {manageable} {command line}
   size_t SoftMaxHeapSize                          = 3739222016                             {manageable} {ergonomic}
     bool UseCompressedClassPointers               = true                           {product lp64_product} {ergonomic}
     bool UseCompressedOops                        = true                           {product lp64_product} {ergonomic}
     bool UseG1GC                                  = true                                      {product} {ergonomic}
     bool UseLargePagesIndividualAllocation        = false                                  {pd product} {ergonomic}

Logging:
Log output configuration:
 #0: stdout all=warning uptime,level,tags
 #1: stderr all=off uptime,level,tags

Environment Variables:
PATH=C:\Program Files\Common Files\Oracle\Java\javapath;C:\WINDOWS\system32;C:\WINDOWS;C:\WINDOWS\System32\Wbem;C:\WINDOWS\System32\WindowsPowerShell\v1.0\;C:\WINDOWS\System32\OpenSSH\;C:\Program Files\Git\cmd;C:\Users\julia\AppData\Local\Microsoft\WindowsApps;C:\Users\julia\AppData\Local\Programs\Microsoft VS Code\bin;C:\Users\julia\AppData\Local\GitHubDesktop\bin
USERNAME=julia
OS=Windows_NT
PROCESSOR_IDENTIFIER=AMD64 Family 23 Model 24 Stepping 1, AuthenticAMD



---------------  S Y S T E M  ---------------

OS:
 Windows 10 , 64 bit Build 19041 (10.0.19041.1503)
OS uptime: 0 days 8:23 hours

CPU: total 8 (initial active 8) (8 cores per cpu, 2 threads per core) family 23 model 24 stepping 1 microcode 0x0, cx8, cmov, fxsr, ht, mmx, 3dnowpref, sse, sse2, sse3, ssse3, sse4a, sse4.1, sse4.2, popcnt, lzcnt, tsc, tscinvbit, avx, avx2, aes, clmul, bmi1, bmi2, adx, sha, fma, vzeroupper, clflush, clflushopt

Memory: 4k page, system-wide physical 14260M (6997M free)
TotalPageFile size 17691M (AvailPageFile size 3341M)
current process WorkingSet (physical memory assigned to process): 76M, peak: 84M
current process commit charge ("private bytes"): 351M, peak: 363M

vm_info: Java HotSpot(TM) 64-Bit Server VM (17.0.2+8-LTS-86) for windows-amd64 JRE (17.0.2+8-LTS-86), built on Dec  7 2021 21:51:03 by "mach5one" with MS VC++ 16.8 / 16.9 (VS2019)

END.
